On branch master
Your branch and 'origin/master' have diverged,
and have 2 and 3 different commits each, respectively.
  (use "git pull" to merge the remote branch into yours)
You have unmerged paths.
  (fix conflicts and run "git commit")

Changes to be committed:

	modified:   client/app/charity_bag/charityBag.controller.js
	modified:   client/app/charity_bag/charityBag.css
	modified:   client/app/charity_bag/charityBag.html
	modified:   client/app/main/main.controller.js
	modified:   client/app/main/main.html
	modified:   client/components/footer/footer.html
	modified:   client/components/modal/modal.service.js
	modified:   client/components/navbar/navbar.controller.js
	modified:   client/components/navbar/navbar.html
	new file:   client/components/ngPrint/ngPrint.css
	new file:   client/components/ngPrint/ngPrint.js
	modified:   client/components/oauth-buttons/oauth-buttons.html
	modified:   client/components/spriteGrid/spriteGrid.directive.js
	modified:   client/index.html
	modified:   gulpfile.babel.js
	modified:   server/api/charity_bag/charity_bag_calc.js
	new file:   server/api/newCards/bunt.integration.js
	new file:   server/api/newCards/buntCards.controller.js
	new file:   server/api/newCards/chachi.controller.js
	modified:   server/api/newCards/index.js
	modified:   server/api/newCards/index.spec.js
	modified:   server/api/newCards/newCards.controller.js
	modified:   server/api/newCards/newCards.integration.js
	modified:   server/config/express.js
	modified:   server/routes.js
	modified:   server/views/charity_report.handlebars

Unmerged paths:
  (use "git add <file>..." to mark resolution)

	both modified:   server/api/tunes/tunes.integration.js
	both modified:   server/public/carddirs.json
	both modified:   server/public/mytunes.json

Changes not staged for commit:
  (use "git add/rm <file>..." to update what will be committed)
  (use "git checkout -- <file>..." to discard changes in working directory)

	modified:   DH_scripts/get_bunt_hier.js
	modified:   DH_scripts/parse_bunt_excel.js
	deleted:    blah.err
	deleted:    blah.out
	modified:   buntseries2.xlsx
	deleted:    newbunt.json
	modified:   server/public/bunt.json
	deleted:    temp.html

Untracked files:
  (use "git add <file>..." to include in what will be committed)

	DH_scripts/bunt_json2csv.js
	git.out

